TN:
SF:/home/labber/lighthouse/scheduler/src/components/Application.js
FN:16,Application
FN:27,(anonymous_1)
FNF:2
FNH:2
FNDA:11,Application
FNDA:14,(anonymous_1)
DA:22,11
DA:24,11
DA:26,11
DA:28,14
DA:41,11
LF:5
LH:5
BRF:0
BRH:0
end_of_record
TN:
SF:/home/labber/lighthouse/scheduler/src/components/Button.js
FN:7,Button
FNF:1
FNH:1
FNDA:43,Button
DA:8,43
DA:13,43
LF:2
LH:2
BRF:0
BRH:0
end_of_record
TN:
SF:/home/labber/lighthouse/scheduler/src/components/DayList.js
FN:5,DayList
FN:6,(anonymous_1)
FNF:2
FNH:2
FNDA:11,DayList
FNDA:14,(anonymous_1)
DA:6,11
DA:7,14
DA:18,11
LF:3
LH:3
BRF:0
BRH:0
end_of_record
TN:
SF:/home/labber/lighthouse/scheduler/src/components/DayListItem.js
FN:6,formatSpots
FN:13,DayListItem
FN:22,(anonymous_2)
FNF:3
FNH:3
FNDA:14,formatSpots
FNDA:14,DayListItem
FNDA:1,(anonymous_2)
DA:7,14
DA:8,13
DA:10,1
DA:14,14
DA:19,14
DA:22,1
LF:6
LH:6
BRDA:7,0,0,1
BRDA:7,0,1,13
BRDA:8,1,0,12
BRDA:8,1,1,1
BRF:4
BRH:4
end_of_record
TN:
SF:/home/labber/lighthouse/scheduler/src/components/InterviewerList.js
FN:8,InterviewerList
FN:9,(anonymous_1)
FN:17,(anonymous_2)
FNF:3
FNH:3
FNDA:20,InterviewerList
FNDA:26,(anonymous_1)
FNDA:1,(anonymous_2)
DA:9,20
DA:10,26
DA:17,1
DA:22,20
DA:30,3
LF:5
LH:5
BRF:0
BRH:0
end_of_record
TN:
SF:/home/labber/lighthouse/scheduler/src/components/InterviewerListItem.js
FN:6,InterviewerItem
FNF:1
FNH:1
FNDA:26,InterviewerItem
DA:7,26
DA:11,26
LF:2
LH:2
BRDA:18,0,0,26
BRDA:18,0,1,5
BRF:2
BRH:2
end_of_record
TN:
SF:/home/labber/lighthouse/scheduler/src/components/Appointment/Confirm.js
FN:5,Confirm
FNF:1
FNH:1
FNDA:1,Confirm
DA:6,1
LF:1
LH:1
BRF:0
BRH:0
end_of_record
TN:
SF:/home/labber/lighthouse/scheduler/src/components/Appointment/Empty.js
FN:3,Empty
FNF:1
FNH:1
FNDA:19,Empty
DA:4,19
LF:1
LH:1
BRF:0
BRH:0
end_of_record
TN:
SF:/home/labber/lighthouse/scheduler/src/components/Appointment/Error.js
FN:3,Error
FNF:1
FNH:0
FNDA:0,Error
DA:4,0
LF:1
LH:0
BRF:0
BRH:0
end_of_record
TN:
SF:/home/labber/lighthouse/scheduler/src/components/Appointment/Form.js
FN:6,Form
FN:11,reset
FN:17,cancel
FN:22,validate
FN:40,(anonymous_4)
FN:47,(anonymous_5)
FNF:6
FNH:5
FNDA:20,Form
FNDA:1,reset
FNDA:1,cancel
FNDA:7,validate
FNDA:0,(anonymous_4)
FNDA:4,(anonymous_5)
DA:7,20
DA:8,20
DA:9,20
DA:12,1
DA:13,1
DA:14,1
DA:18,1
DA:19,1
DA:23,7
DA:24,2
DA:25,2
DA:28,5
DA:29,3
DA:30,3
DA:33,2
DA:34,2
DA:37,20
DA:40,0
DA:48,4
LF:19
LH:18
BRDA:7,0,0,20
BRDA:7,0,1,10
BRDA:8,1,0,20
BRDA:8,1,1,16
BRDA:23,2,0,2
BRDA:23,2,1,5
BRDA:28,3,0,3
BRDA:28,3,1,2
BRF:8
BRH:8
end_of_record
TN:
SF:/home/labber/lighthouse/scheduler/src/components/Appointment/Header.js
FN:3,Header
FNF:1
FNH:1
FNDA:33,Header
DA:4,33
LF:1
LH:1
BRF:0
BRH:0
end_of_record
TN:
SF:/home/labber/lighthouse/scheduler/src/components/Appointment/Show.js
FN:3,Show
FNF:1
FNH:1
FNDA:7,Show
DA:4,7
LF:1
LH:1
BRDA:11,0,0,7
BRDA:11,0,1,7
BRF:2
BRH:2
end_of_record
TN:
SF:/home/labber/lighthouse/scheduler/src/components/Appointment/Status.js
FN:3,Status
FNF:1
FNH:1
FNDA:4,Status
DA:4,4
LF:1
LH:1
BRF:0
BRH:0
end_of_record
TN:
SF:/home/labber/lighthouse/scheduler/src/components/Appointment/index.js
FN:25,Appointment
FN:30,save
FN:40,(anonymous_2)
FN:41,(anonymous_3)
FN:44,destroy
FN:48,(anonymous_5)
FN:49,(anonymous_6)
FN:55,(anonymous_7)
FN:60,(anonymous_8)
FN:61,(anonymous_9)
FNF:10
FNH:8
FNDA:33,Appointment
FNDA:1,save
FNDA:1,(anonymous_2)
FNDA:0,(anonymous_3)
FNDA:1,destroy
FNDA:1,(anonymous_5)
FNDA:0,(anonymous_6)
FNDA:1,(anonymous_7)
FNDA:1,(anonymous_8)
FNDA:1,(anonymous_9)
DA:15,2
DA:16,2
DA:17,2
DA:18,2
DA:19,2
DA:20,2
DA:21,2
DA:22,2
DA:23,2
DA:26,33
DA:31,1
DA:36,1
DA:38,1
DA:40,1
DA:41,0
DA:45,1
DA:46,1
DA:48,1
DA:49,0
DA:52,33
DA:55,1
DA:60,1
DA:61,1
LF:23
LH:21
BRDA:27,0,0,11
BRDA:27,0,1,22
BRDA:55,1,0,33
BRDA:55,1,1,19
BRDA:56,2,0,33
BRDA:56,2,1,7
BRDA:64,3,0,33
BRDA:64,3,1,1
BRDA:67,4,0,33
BRDA:67,4,1,2
BRDA:68,5,0,33
BRDA:68,5,1,2
BRDA:69,6,0,33
BRDA:69,6,1,1
BRDA:76,7,0,33
BRDA:76,7,1,1
BRDA:79,8,0,33
BRDA:79,8,1,0
BRDA:82,9,0,33
BRDA:82,9,1,0
BRF:20
BRH:18
end_of_record
TN:
SF:/home/labber/lighthouse/scheduler/src/helpers/selectors.js
FN:1,getAppointmentsForDay
FN:2,(anonymous_1)
FN:6,(anonymous_2)
FN:9,getInterviewersForDay
FN:10,(anonymous_4)
FN:14,(anonymous_5)
FN:17,getInterview
FNF:7
FNH:7
FNDA:16,getAppointmentsForDay
FNDA:14,(anonymous_1)
FNDA:22,(anonymous_2)
FNDA:16,getInterviewersForDay
FNDA:14,(anonymous_4)
FNDA:20,(anonymous_5)
FNDA:16,getInterview
DA:2,16
DA:4,16
DA:6,22
DA:10,16
DA:12,16
DA:14,20
DA:18,16
LF:7
LH:7
BRDA:4,0,0,6
BRDA:4,0,1,10
BRDA:4,1,0,16
BRDA:4,1,1,11
BRDA:12,2,0,6
BRDA:12,2,1,10
BRDA:12,3,0,16
BRDA:12,3,1,11
BRDA:19,4,0,16
BRDA:19,4,1,8
BRF:10
BRH:10
end_of_record
TN:
SF:/home/labber/lighthouse/scheduler/src/hooks/useApplicationData.js
FN:13,useApplicationData
FN:21,(anonymous_1)
FN:23,(anonymous_2)
FN:29,(anonymous_3)
FN:41,bookInterview
FN:42,(anonymous_5)
FN:51,cancelInterview
FN:52,(anonymous_7)
FNF:8
FNH:8
FNDA:11,useApplicationData
FNDA:1,(anonymous_1)
FNDA:4,(anonymous_2)
FNDA:4,(anonymous_3)
FNDA:1,bookInterview
FNDA:1,(anonymous_5)
FNDA:1,cancelInterview
FNDA:1,(anonymous_7)
DA:14,11
DA:21,11
DA:23,11
DA:24,4
DA:30,4
DA:39,11
DA:42,1
DA:43,1
DA:52,1
DA:53,1
DA:61,11
LF:11
LH:11
BRF:0
BRH:0
end_of_record
TN:
SF:/home/labber/lighthouse/scheduler/src/hooks/useRealtimeUpdate.js
FN:4,useRealtimeUpdate
FN:5,(anonymous_1)
FN:8,(anonymous_2)
FN:16,(anonymous_3)
FNF:4
FNH:3
FNDA:11,useRealtimeUpdate
FNDA:4,(anonymous_1)
FNDA:0,(anonymous_2)
FNDA:4,(anonymous_3)
DA:5,11
DA:6,4
DA:8,4
DA:9,0
DA:11,0
DA:12,0
DA:16,4
DA:17,4
LF:8
LH:5
BRDA:11,0,0,0
BRDA:11,0,1,0
BRDA:11,1,0,0
BRDA:11,1,1,0
BRF:4
BRH:0
end_of_record
TN:
SF:/home/labber/lighthouse/scheduler/src/hooks/useVisualMode.js
FN:3,useVisaulMode
FN:6,(anonymous_1)
FN:8,(anonymous_2)
FN:10,(anonymous_3)
FN:13,(anonymous_4)
FN:14,(anonymous_5)
FNF:6
FNH:6
FNDA:37,useVisaulMode
FNDA:9,(anonymous_1)
FNDA:2,(anonymous_2)
FNDA:9,(anonymous_3)
FNDA:1,(anonymous_4)
FNDA:1,(anonymous_5)
DA:4,37
DA:6,37
DA:7,9
DA:8,2
DA:10,9
DA:13,37
DA:14,1
DA:17,37
LF:8
LH:8
BRDA:6,0,0,7
BRDA:7,1,0,2
BRDA:7,1,1,7
BRF:3
BRH:3
end_of_record
TN:
SF:/home/labber/lighthouse/scheduler/src/reducers/application.js
FN:5,reducer
FN:27,(anonymous_1)
FN:30,(anonymous_2)
FN:34,(anonymous_3)
FNF:4
FNH:4
FNDA:8,reducer
FNDA:2,(anonymous_1)
FNDA:4,(anonymous_2)
FNDA:4,(anonymous_3)
DA:1,2
DA:2,2
DA:3,2
DA:6,8
DA:8,1
DA:10,4
DA:17,2
DA:22,2
DA:27,2
DA:28,2
DA:30,4
DA:34,2
DA:35,4
DA:43,2
DA:50,1
LF:15
LH:15
BRDA:6,0,0,1
BRDA:6,0,1,4
BRDA:6,0,2,2
BRDA:6,0,3,1
BRDA:19,1,0,2
BRDA:19,1,1,1
BRDA:30,2,0,2
BRDA:30,2,1,2
BRDA:35,3,0,2
BRDA:35,3,1,2
BRF:10
BRH:10
end_of_record
